<?xml version="1.0" encoding="UTF-8"?>
<!-- Generated by org.testng.reporters.JUnitReportReporter -->
<testsuite hostname="LAPTOP-SI7KOBR0" failures="0" tests="1" name="listners.TestNGListnerDemo" time="0.024" errors="0" timestamp="2025-07-17T21:43:20 IST" skipped="0">
  <testcase classname="listners.TestNGListnerDemo" name="test1" time="0.024"/>
</testsuite> <!-- listners.TestNGListnerDemo -->
